
============================================================
  Daily News Publisher — 2026-06-10 (daily)
============================================================

  카드 이미지: 6장

  [Catbox] 이미지 업로드 중...
    ↑ 2026-06-10_card_01.png
      → https://n.uguu.se/MUhlQSYN.png (via uguu.se)
    ↑ 2026-06-10_card_02.png
      → https://d.uguu.se/MXDatAKx.png (via uguu.se)
    ↑ 2026-06-10_card_03.png
      → https://d.uguu.se/uEeEHlXn.png (via uguu.se)
    ↑ 2026-06-10_card_04.png
      → https://d.uguu.se/SnYnypgX.png (via uguu.se)
    ↑ 2026-06-10_card_05.png
      → https://d.uguu.se/LfqOUcxJ.png (via uguu.se)
    ↑ 2026-06-10_card_06.png
      → https://h.uguu.se/WxwfjtvC.png (via uguu.se)

  [Instagram] 게시 시작...
    Account ID: 17841436434753995
    컨테이너 생성 1/6...
    컨테이너 생성 2/6...
    컨테이너 생성 3/6...
    컨테이너 생성 4/6...
    컨테이너 생성 5/6...
    컨테이너 생성 6/6...
    캐러셀 컨테이너 생성...
    이미지 처리 대기 (20초)...
    게시 중...
      ⚠ 게시 실패 (시도 1/3): 게시 응답 오류: {'error': {'message': 'Application request limit reached', 'type': 'OAuthException', 'is_transient': False, 'code': 4, 'error_subcode': 2207051, 'error_user_title': '행동이 차단되었습니다', 'error_user_msg': 'Instagram은 커뮤니티를 보호하기 위해 특정 활동을 제한합니다. 이 조치가 실수라고 생각하는 경우 저희에게 알려주세요.', 'fbtrace_id': 'AHP6jlfQiZP4mLK6z9c6v90'}}
      ➔ 15초 후 재시도합니다...
      ⚠ 게시 실패 (시도 2/3): 게시 응답 오류: {'error': {'message': 'Fatal', 'type': 'OAuthException', 'code': -1, 'error_subcode': 2207085, 'is_transient': False, 'error_user_title': '일반 내부 오류', 'error_user_msg': '내부 서버 오류가 발생했습니다. 나중에 다시 시도해주세요.', 'fbtrace_id': 'ASM2ZOVcqCxLDDFtVe8WXqj'}}
      ➔ 30초 후 재시도합니다...
      ⚠ 게시 실패 (시도 3/3): 게시 응답 오류: {'error': {'message': 'Fatal', 'type': 'OAuthException', 'code': -1, 'error_subcode': 2207085, 'is_transient': False, 'error_user_title': '일반 내부 오류', 'error_user_msg': '내부 서버 오류가 발생했습니다. 나중에 다시 시도해주세요.', 'fbtrace_id': 'AUQ3r6XDv6SDdVqzrb6R4SB'}}
  ✗ Instagram 게시 실패: 최종 게시 실패: 게시 응답 오류: {'error': {'message': 'Fatal', 'type': 'OAuthException', 'code': -1, 'error_subcode': 2207085, 'is_transient': False, 'error_user_title': '일반 내부 오류', 'error_user_msg': '내부 서버 오류가 발생했습니다. 나중에 다시 시도해주세요.', 'fbtrace_id': 'AUQ3r6XDv6SDdVqzrb6R4SB'}}

  [Threads] 체인 게시 시작...
    User ID: 27919616994291971

    [1/4] 앤트로픽 (체인 4개)
      🪝 Hook...
        ✓ ID: 18094767166979868
      📋 Detail...
        ✓ ID: 17882371767434584
      📎 Source/Context...
        ✓ ID: 18102837263016007
      ❓ Question...
        ✓ ID: 18111146512724588
      ✓ 앤트로픽 체인 완료 (4개)

    [2/4] YBM 토익 (체인 4개)
      🪝 Hook...
        ✓ ID: 17944824828206420
      📋 Detail...
        ✓ ID: 18330513208248475
      📎 Source/Context...
        ✓ ID: 18121729297708880
      ❓ Question...
        ✓ ID: 18102275638851733
      ✓ YBM 토익 체인 완료 (4개)

    [3/4] 식품의약품안전처 (체인 4개)
      🪝 Hook...
        ✓ ID: 18186745105379685
      📋 Detail...
        ✓ ID: 18352958635212391
      📎 Source/Context...
        ✓ ID: 18070495427349398
      ❓ Question...
        ✓ ID: 18096195266240170
      ✓ 식품의약품안전처 체인 완료 (4개)

    [4/4] 대만 정부 (체인 4개)
      🪝 Hook...
        ✓ ID: 17892818028487520
      📋 Detail...
        ✓ ID: 18139548427473739
      📎 Source/Context...
        ✓ ID: 18075317603305576
      ❓ Question...
        ✓ ID: 17908616460244218
      ✓ 대만 정부 체인 완료 (4개)

  ✓ Threads 체인 게시 완료: 4/4개 성공

  [Telegram] 결과 보고 전송...
  ✓ Telegram 보고 전송 완료
  [Telegram] 콘택트 시트 전송...
  ✓ 콘택트 시트 전송 완료
  ✓ 게시 이력 기록 완료 (2026-06-10/daily)

  [Clean up] 로컬 임시 파일 삭제 중...
    ✓ 빌드 디렉토리 삭제 완료
    ✓ 다운로드 디렉토리 삭제 완료

============================================================
  ✅ 게시 및 정리 완료! (2026-06-10/daily)
============================================================

